<?xml version="1.0" encoding="UTF-8"?>
<!-- Generated by org.testng.reporters.JUnitReportReporter -->
<testsuite hostname="LAPTOP-JDN88TTV" failures="0" tests="14" name="Resources.ClinicalCalculators" time="56154.520" errors="0" timestamp="2024-07-23T04:50:55 EDT" skipped="0">
  <testcase classname="Resources.ClinicalCalculators" name="EN_US_PV" time="4717.740"/>
  <system-out/>
  <testcase classname="Resources.ClinicalCalculators" name="PT_PV" time="4624.140"/>
  <system-out/>
  <testcase classname="Resources.ClinicalCalculators" name="JA_PV" time="4380.835"/>
  <system-out/>
  <testcase classname="Resources.ClinicalCalculators" name="FR_PV" time="4522.188"/>
  <system-out/>
  <testcase classname="Resources.ClinicalCalculators" name="ES_PV" time="4640.739"/>
  <system-out/>
  <testcase classname="Resources.ClinicalCalculators" name="DE_PV" time="4676.462"/>
  <system-out/>
  <testcase classname="Resources.ClinicalCalculators" name="IT_PV" time="4596.124"/>
  <system-out/>
  <testcase classname="Resources.ClinicalCalculators" name="RU_PV" time="4762.867"/>
  <system-out/>
  <testcase classname="Resources.ClinicalCalculators" name="ZH_PV" time="5589.564"/>
  <system-out/>
  <testcase classname="Resources.ClinicalCalculators" name="MM_VET" time="159.956"/>
  <system-out/>
  <testcase classname="Resources.ClinicalCalculators" name="MSD_VET" time="161.132"/>
  <system-out/>
  <testcase classname="Resources.ClinicalCalculators" name="EN_MSD_PV" time="4684.339"/>
  <system-out/>
  <testcase classname="Resources.ClinicalCalculators" name="VI_PV" time="4225.943"/>
  <system-out/>
  <testcase classname="Resources.ClinicalCalculators" name="UK_PV" time="4412.488"/>
  <system-out/>
</testsuite> <!-- Resources.ClinicalCalculators -->
