<?xml version="1.0" encoding="UTF-8"?>
<!-- Generated by org.testng.reporters.JUnitReportReporter -->
<testsuite hostname="LAPTOP-JDN88TTV" failures="0" tests="28" name="Resources.Sounds" time="5536.836" errors="1" timestamp="2024-07-12T11:35:32 EDT" skipped="0">
  <testcase classname="Resources.Sounds" name="CloseBrowser" time="0.002">
    <error message="Tried to run command without establishing a connection
Build info: version: &#039;4.12.1&#039;, revision: &#039;8e34639b11&#039;
System info: os.name: &#039;Windows 11&#039;, os.arch: &#039;amd64&#039;, os.version: &#039;10.0&#039;, java.version: &#039;17.0.3&#039;
Driver info: org.openqa.selenium.firefox.FirefoxDriver
Command: [ee928dda-5424-4ef4-b768-eba83f257194, close {}]
Capabilities {acceptInsecureCerts: true, browserName: firefox, browserVersion: 122.0, moz:accessibilityChecks: false, moz:buildID: 20240118164516, moz:debuggerAddress: 127.0.0.1:32730, moz:geckodriverVersion: 0.34.0, moz:headless: false, moz:platformVersion: 10.0, moz:processID: 33864, moz:profile: C:\Users\gvahe\AppData\Loca..., moz:shutdownTimeout: 60000, moz:webdriverClick: true, moz:windowless: false, pageLoadStrategy: normal, platformName: windows, proxy: Proxy(), se:cdp: ws://127.0.0.1:32730/devtoo..., se:cdpVersion: 85.0, setWindowRect: true, strictFileInteractability: false, timeouts: {implicit: 0, pageLoad: 300000, script: 30000}, unhandledPromptBehavior: dismiss and notify}
Session ID: ee928dda-5424-4ef4-b768-eba83f257194" type="org.openqa.selenium.NoSuchSessionException">
      <![CDATA[org.openqa.selenium.NoSuchSessionException: Tried to run command without establishing a connection
Build info: version: '4.12.1', revision: '8e34639b11'
System info: os.name: 'Windows 11', os.arch: 'amd64', os.version: '10.0', java.version: '17.0.3'
Driver info: org.openqa.selenium.firefox.FirefoxDriver
Command: [ee928dda-5424-4ef4-b768-eba83f257194, close {}]
Capabilities {acceptInsecureCerts: true, browserName: firefox, browserVersion: 122.0, moz:accessibilityChecks: false, moz:buildID: 20240118164516, moz:debuggerAddress: 127.0.0.1:32730, moz:geckodriverVersion: 0.34.0, moz:headless: false, moz:platformVersion: 10.0, moz:processID: 33864, moz:profile: C:\Users\gvahe\AppData\Loca..., moz:shutdownTimeout: 60000, moz:webdriverClick: true, moz:windowless: false, pageLoadStrategy: normal, platformName: windows, proxy: Proxy(), se:cdp: ws://127.0.0.1:32730/devtoo..., se:cdpVersion: 85.0, setWindowRect: true, strictFileInteractability: false, timeouts: {implicit: 0, pageLoad: 300000, script: 30000}, unhandledPromptBehavior: dismiss and notify}
Session ID: ee928dda-5424-4ef4-b768-eba83f257194
at java.base/jdk.internal.reflect.NativeConstructorAccessorImpl.newInstance0(Native Method)
at java.base/jdk.internal.reflect.NativeConstructorAccessorImpl.newInstance(NativeConstructorAccessorImpl.java:77)
at java.base/jdk.internal.reflect.DelegatingConstructorAccessorImpl.newInstance(DelegatingConstructorAccessorImpl.java:45)
at java.base/java.lang.reflect.Constructor.newInstanceWithCaller(Constructor.java:499)
at java.base/java.lang.reflect.Constructor.newInstance(Constructor.java:480)
at org.openqa.selenium.remote.codec.w3c.W3CHttpResponseCodec.createException(W3CHttpResponseCodec.java:200)
at org.openqa.selenium.remote.codec.w3c.W3CHttpResponseCodec.decode(W3CHttpResponseCodec.java:133)
at org.openqa.selenium.remote.codec.w3c.W3CHttpResponseCodec.decode(W3CHttpResponseCodec.java:52)
at org.openqa.selenium.remote.HttpCommandExecutor.execute(HttpCommandExecutor.java:191)
at org.openqa.selenium.remote.service.DriverCommandExecutor.invokeExecute(DriverCommandExecutor.java:196)
at org.openqa.selenium.remote.service.DriverCommandExecutor.execute(DriverCommandExecutor.java:171)
at org.openqa.selenium.remote.RemoteWebDriver.execute(RemoteWebDriver.java:602)
at org.openqa.selenium.remote.RemoteWebDriver.execute(RemoteWebDriver.java:675)
at org.openqa.selenium.remote.RemoteWebDriver.execute(RemoteWebDriver.java:679)
at org.openqa.selenium.remote.RemoteWebDriver.close(RemoteWebDriver.java:409)
at Resources.Sounds.CloseBrowser(Sounds.java:349)
at java.base/jdk.internal.reflect.NativeMethodAccessorImpl.invoke0(Native Method)
at java.base/jdk.internal.reflect.NativeMethodAccessorImpl.invoke(NativeMethodAccessorImpl.java:77)
at java.base/jdk.internal.reflect.DelegatingMethodAccessorImpl.invoke(DelegatingMethodAccessorImpl.java:43)
at java.base/java.lang.reflect.Method.invoke(Method.java:568)
at org.testng.internal.MethodInvocationHelper.invokeMethod(MethodInvocationHelper.java:133)
at org.testng.internal.MethodInvocationHelper.invokeMethodConsideringTimeout(MethodInvocationHelper.java:62)
at org.testng.internal.ConfigInvoker.invokeConfigurationMethod(ConfigInvoker.java:385)
at org.testng.internal.ConfigInvoker.invokeConfigurations(ConfigInvoker.java:321)
at org.testng.internal.TestMethodWorker.invokeAfterClassMethods(TestMethodWorker.java:217)
at org.testng.internal.TestMethodWorker.run(TestMethodWorker.java:130)
at java.base/java.util.ArrayList.forEach(ArrayList.java:1511)
at org.testng.TestRunner.privateRun(TestRunner.java:794)
at org.testng.TestRunner.run(TestRunner.java:596)
at org.testng.SuiteRunner.runTest(SuiteRunner.java:377)
at org.testng.SuiteRunner.runSequentially(SuiteRunner.java:371)
at org.testng.SuiteRunner.privateRun(SuiteRunner.java:332)
at org.testng.SuiteRunner.run(SuiteRunner.java:276)
at org.testng.SuiteRunnerWorker.runSuite(SuiteRunnerWorker.java:53)
at org.testng.SuiteRunnerWorker.run(SuiteRunnerWorker.java:96)
at org.testng.TestNG.runSuitesSequentially(TestNG.java:1212)
at org.testng.TestNG.runSuitesLocally(TestNG.java:1134)
at org.testng.TestNG.runSuites(TestNG.java:1063)
at org.testng.TestNG.run(TestNG.java:1031)
at org.testng.remote.AbstractRemoteTestNG.run(AbstractRemoteTestNG.java:115)
at org.testng.remote.RemoteTestNG.initAndRun(RemoteTestNG.java:293)
at org.testng.remote.RemoteTestNG.main(RemoteTestNG.java:91)
]]>
    </error>
  </testcase> <!-- CloseBrowser -->
  <system-out/>
  <testcase classname="Resources.Sounds" name="EN_US_PV" time="396.654"/>
  <system-out/>
  <testcase classname="Resources.Sounds" name="EN_US_CV" time="92.547"/>
  <system-out/>
  <testcase classname="Resources.Sounds" name="PT_PV" time="372.286"/>
  <system-out/>
  <testcase classname="Resources.Sounds" name="PT_CV" time="88.526"/>
  <system-out/>
  <testcase classname="Resources.Sounds" name="JA_PV" time="386.183"/>
  <system-out/>
  <testcase classname="Resources.Sounds" name="JA_CV" time="51.767"/>
  <system-out/>
  <testcase classname="Resources.Sounds" name="FR_PV" time="482.990"/>
  <system-out/>
  <testcase classname="Resources.Sounds" name="FR_CV" time="42.830"/>
  <system-out/>
  <testcase classname="Resources.Sounds" name="ES_PV" time="383.715"/>
  <system-out/>
  <testcase classname="Resources.Sounds" name="ES_CV" time="51.208"/>
  <system-out/>
  <testcase classname="Resources.Sounds" name="DE_PV" time="374.216"/>
  <system-out/>
  <testcase classname="Resources.Sounds" name="DE_CV" time="44.160"/>
  <system-out/>
  <testcase classname="Resources.Sounds" name="IT_PV" time="469.990"/>
  <system-out/>
  <testcase classname="Resources.Sounds" name="IT_CV" time="40.164"/>
  <system-out/>
  <testcase classname="Resources.Sounds" name="RU_PV" time="373.466"/>
  <system-out/>
  <testcase classname="Resources.Sounds" name="RU_CV" time="88.616"/>
  <system-out/>
  <testcase classname="Resources.Sounds" name="CN_PV" time="485.130"/>
  <system-out/>
  <testcase classname="Resources.Sounds" name="CN_CV" time="42.257"/>
  <system-out/>
  <testcase classname="Resources.Sounds" name="KO_CV" time="34.309"/>
  <system-out/>
  <testcase classname="Resources.Sounds" name="MM_VET" time="30.335"/>
  <system-out/>
  <testcase classname="Resources.Sounds" name="MSD_VET" time="101.251"/>
  <system-out/>
  <testcase classname="Resources.Sounds" name="EN_MSD_PV" time="375.754"/>
  <system-out/>
  <testcase classname="Resources.Sounds" name="EN_MSD_CV" time="83.532"/>
  <system-out/>
  <testcase classname="Resources.Sounds" name="AR_MSD_CV" time="78.881"/>
  <system-out/>
  <testcase classname="Resources.Sounds" name="VI_MSD_PV" time="108.573"/>
  <system-out/>
  <testcase classname="Resources.Sounds" name="UK_PV" time="370.402"/>
  <system-out/>
  <testcase classname="Resources.Sounds" name="HI_CV" time="87.092"/>
  <system-out/>
</testsuite> <!-- Resources.Sounds -->
