<?xml version="1.0" encoding="UTF-8"?>
<!-- Generated by org.testng.reporters.JUnitReportReporter -->
<testsuite hostname="LAPTOP-JDN88TTV" failures="0" tests="26" name="Resources.Quizzes" time="22425.396" errors="0" timestamp="2024-07-22T19:28:42 EDT" skipped="0">
  <testcase classname="Resources.Quizzes" name="EN_US_PV" time="458.670"/>
  <system-out/>
  <testcase classname="Resources.Quizzes" name="EN_US_CV" time="539.944"/>
  <system-out/>
  <testcase classname="Resources.Quizzes" name="PT_PV" time="596.859"/>
  <system-out/>
  <testcase classname="Resources.Quizzes" name="PT_CV" time="567.273"/>
  <system-out/>
  <testcase classname="Resources.Quizzes" name="JA_PV" time="641.220"/>
  <system-out/>
  <testcase classname="Resources.Quizzes" name="JA_CV" time="884.047"/>
  <system-out/>
  <testcase classname="Resources.Quizzes" name="FR_PV" time="514.721"/>
  <system-out/>
  <testcase classname="Resources.Quizzes" name="FR_CV" time="632.621"/>
  <system-out/>
  <testcase classname="Resources.Quizzes" name="ES_PV" time="503.036"/>
  <system-out/>
  <testcase classname="Resources.Quizzes" name="ES_CV" time="479.699"/>
  <system-out/>
  <testcase classname="Resources.Quizzes" name="DE_PV" time="526.830"/>
  <system-out/>
  <testcase classname="Resources.Quizzes" name="DE_CV" time="495.851"/>
  <system-out/>
  <testcase classname="Resources.Quizzes" name="IT_PV" time="695.338"/>
  <system-out/>
  <testcase classname="Resources.Quizzes" name="IT_CV" time="446.188"/>
  <system-out/>
  <testcase classname="Resources.Quizzes" name="RU_PV" time="809.811"/>
  <system-out/>
  <testcase classname="Resources.Quizzes" name="RU_CV" time="715.715"/>
  <system-out/>
  <testcase classname="Resources.Quizzes" name="ZH_PV" time="738.547"/>
  <system-out/>
  <testcase classname="Resources.Quizzes" name="ZH_CV" time="497.816"/>
  <system-out/>
  <testcase classname="Resources.Quizzes" name="KO_CV" time="1442.414"/>
  <system-out/>
  <testcase classname="Resources.Quizzes" name="MM_VET" time="1973.367"/>
  <system-out/>
  <testcase classname="Resources.Quizzes" name="MSD_VET" time="1974.198"/>
  <system-out/>
  <testcase classname="Resources.Quizzes" name="EN_MSD_PV" time="437.075"/>
  <system-out/>
  <testcase classname="Resources.Quizzes" name="EN_MSD_CV" time="536.976"/>
  <system-out/>
  <testcase classname="Resources.Quizzes" name="AR_MSD_CV" time="1899.848"/>
  <system-out/>
  <testcase classname="Resources.Quizzes" name="VI_MSD_PV" time="2624.541"/>
  <system-out/>
  <testcase classname="Resources.Quizzes" name="HI_MSD_PV" time="792.793"/>
  <system-out/>
</testsuite> <!-- Resources.Quizzes -->
