<?xml version="1.0" encoding="UTF-8"?>
<!-- Generated by org.testng.reporters.JUnitReportReporter -->
<testsuite hostname="LAPTOP-JDN88TTV" failures="0" tests="25" name="Resources.Figures" time="122373.008" errors="0" timestamp="2024-07-17T22:07:50 EDT" skipped="0">
  <testcase classname="Resources.Figures" name="EN_US_PV" time="3112.415"/>
  <system-out/>
  <testcase classname="Resources.Figures" name="EN_US_CV" time="2775.397"/>
  <system-out/>
  <testcase classname="Resources.Figures" name="PT_PV" time="3049.840"/>
  <system-out/>
  <testcase classname="Resources.Figures" name="PT_CV" time="2780.820"/>
  <system-out/>
  <testcase classname="Resources.Figures" name="JA_PV" time="3074.856"/>
  <system-out/>
  <testcase classname="Resources.Figures" name="JA_CV" time="3402.271"/>
  <system-out/>
  <testcase classname="Resources.Figures" name="FR_PV" time="3546.648"/>
  <system-out/>
  <testcase classname="Resources.Figures" name="FR_CV" time="3467.781"/>
  <system-out/>
  <testcase classname="Resources.Figures" name="ES_PV" time="3777.434"/>
  <system-out/>
  <testcase classname="Resources.Figures" name="ES_CV" time="51162.105"/>
  <system-out/>
  <testcase classname="Resources.Figures" name="DE_PV" time="2903.050"/>
  <system-out/>
  <testcase classname="Resources.Figures" name="DE_CV" time="2876.156"/>
  <system-out/>
  <testcase classname="Resources.Figures" name="IT_PV" time="3179.869"/>
  <system-out/>
  <testcase classname="Resources.Figures" name="IT_CV" time="2904.348"/>
  <system-out/>
  <testcase classname="Resources.Figures" name="RU_PV" time="3092.890"/>
  <system-out/>
  <testcase classname="Resources.Figures" name="RU_CV" time="2993.265"/>
  <system-out/>
  <testcase classname="Resources.Figures" name="KO_CV" time="2743.646"/>
  <system-out/>
  <testcase classname="Resources.Figures" name="MM_VET" time="1822.469"/>
  <system-out/>
  <testcase classname="Resources.Figures" name="MSD_VET" time="1821.294"/>
  <system-out/>
  <testcase classname="Resources.Figures" name="EN_MSD_PV" time="3547.333"/>
  <system-out/>
  <testcase classname="Resources.Figures" name="EN_MSD_CV" time="3006.504"/>
  <system-out/>
  <testcase classname="Resources.Figures" name="AR_MSD_CV" time="2752.633"/>
  <system-out/>
  <testcase classname="Resources.Figures" name="VI_MSD_PV" time="2893.638"/>
  <system-out/>
  <testcase classname="Resources.Figures" name="UK_PV" time="2850.965"/>
  <system-out/>
  <testcase classname="Resources.Figures" name="HI_CV" time="2835.366"/>
  <system-out/>
</testsuite> <!-- Resources.Figures -->
