<?xml version="1.0" encoding="UTF-8"?>
<!-- Generated by org.testng.reporters.JUnitReportReporter -->
<testsuite hostname="LAPTOP-JDN88TTV" failures="0" tests="8" name="Resources.Images2" time="25259.982" errors="0" timestamp="2024-07-12T17:04:45 EDT" skipped="0">
  <testcase classname="Resources.Images2" name="ES_PV" time="1452.463"/>
  <system-out/>
  <testcase classname="Resources.Images2" name="ES_CV" time="103.968"/>
  <system-out/>
  <testcase classname="Resources.Images2" name="DE_PV" time="1489.728"/>
  <system-out/>
  <testcase classname="Resources.Images2" name="DE_CV" time="103.515"/>
  <system-out/>
  <testcase classname="Resources.Images2" name="IT_PV" time="104.125"/>
  <system-out/>
  <testcase classname="Resources.Images2" name="IT_CV" time="1092.825"/>
  <system-out/>
  <testcase classname="Resources.Images2" name="RU_PV" time="20797.955"/>
  <system-out/>
  <testcase classname="Resources.Images2" name="RU_CV" time="115.402"/>
  <system-out/>
</testsuite> <!-- Resources.Images2 -->
