<?xml version="1.0" encoding="UTF-8"?>
<!-- Generated by org.testng.reporters.JUnitReportReporter -->
<testsuite hostname="VahePC" failures="0" tests="1" name="Resources.UPD.Figures" time="7.990" errors="0" timestamp="2024-11-18T15:17:41 EST" skipped="0">
  <testcase classname="Resources.UPD.Figures" name="EN_US_PV" time="7.990"/>
  <system-out/>
</testsuite> <!-- Resources.UPD.Figures -->
