<?xml version="1.0" encoding="UTF-8"?>
<!-- Generated by org.testng.reporters.JUnitReportReporter -->
<testsuite hostname="LAPTOP-JDN88TTV" failures="0" tests="23" name="Resources.Models3D" time="84099.906" errors="0" timestamp="2024-07-17T11:44:21 EDT" skipped="0">
  <testcase classname="Resources.Models3D" name="EN_US_PV" time="965.478"/>
  <system-out/>
  <testcase classname="Resources.Models3D" name="EN_US_CV" time="1950.826"/>
  <system-out/>
  <testcase classname="Resources.Models3D" name="PT_PV" time="920.930"/>
  <system-out/>
  <testcase classname="Resources.Models3D" name="PT_CV" time="1921.022"/>
  <system-out/>
  <testcase classname="Resources.Models3D" name="JA_PV" time="1063.583"/>
  <system-out/>
  <testcase classname="Resources.Models3D" name="JA_CV" time="2093.239"/>
  <system-out/>
  <testcase classname="Resources.Models3D" name="FR_PV" time="954.106"/>
  <system-out/>
  <testcase classname="Resources.Models3D" name="FR_CV" time="1920.536"/>
  <system-out/>
  <testcase classname="Resources.Models3D" name="ES_PV" time="912.291"/>
  <system-out/>
  <testcase classname="Resources.Models3D" name="ES_CV" time="1926.165"/>
  <system-out/>
  <testcase classname="Resources.Models3D" name="DE_PV" time="961.927"/>
  <system-out/>
  <testcase classname="Resources.Models3D" name="DE_CV" time="2023.685"/>
  <system-out/>
  <testcase classname="Resources.Models3D" name="IT_PV" time="1001.479"/>
  <system-out/>
  <testcase classname="Resources.Models3D" name="IT_CV" time="2030.310"/>
  <system-out/>
  <testcase classname="Resources.Models3D" name="RU_PV" time="1001.347"/>
  <system-out/>
  <testcase classname="Resources.Models3D" name="RU_CV" time="2376.752"/>
  <system-out/>
  <testcase classname="Resources.Models3D" name="KO_CV" time="2451.114"/>
  <system-out/>
  <testcase classname="Resources.Models3D" name="EN_MSD_PV" time="1044.905"/>
  <system-out/>
  <testcase classname="Resources.Models3D" name="EN_MSD_CV" time="2013.264"/>
  <system-out/>
  <testcase classname="Resources.Models3D" name="AR_MSD_CV" time="50327.859"/>
  <system-out/>
  <testcase classname="Resources.Models3D" name="VI_MSD_PV" time="1237.962"/>
  <system-out/>
  <testcase classname="Resources.Models3D" name="UK_MSD_PV" time="1002.146"/>
  <system-out/>
  <testcase classname="Resources.Models3D" name="HI_CV" time="1998.985"/>
  <system-out/>
</testsuite> <!-- Resources.Models3D -->
